<?xml version="1.0" encoding="UTF-8"?>
<!-- Generated by org.testng.reporters.JUnitXMLReporter -->
<testsuite ignored="1" hostname="suman" failures="0" tests="2" name="Test" time="20.594" errors="0" timestamp="2023-07-03T18:35:34 CDT">
  <testcase classname="testCases.TC_003_Search" name="test_search" time="2.171"/>
  <testcase classname="testCases.TC_002_LogInTest" name="test_login" time="2.578"/>
  <testcase classname="testCases.TC_001_TestCaseRegistration" name="test_account_Registration" time="0.0">
    <ignored/>
  </testcase> <!-- test_account_Registration -->
</testsuite> <!-- Test -->
