<?xml version="1.0" encoding="UTF-8"?>
<!-- Generated by org.testng.reporters.JUnitXMLReporter -->
<testsuite ignored="1" hostname="suman" failures="0" tests="3" name="Test" time="34.133" errors="0" timestamp="2023-07-05T07:01:37 CDT">
  <testcase classname="testCases.TC_003_Search" name="test_search" time="2.094"/>
  <testcase classname="testCases.TC_001_TestCaseRegistration" name="test_account_Registration" time="5.038"/>
  <testcase classname="testCases.TC_004_AddToCartTest" name="shop_cart" time="4.175"/>
  <testcase classname="testCases.TC_002_LogInTest" name="test_login" time="0.0">
    <ignored/>
  </testcase> <!-- test_login -->
</testsuite> <!-- Test -->
