<?xml version="1.0" encoding="UTF-8"?>
<!-- Generated by org.testng.reporters.JUnitXMLReporter -->
<testsuite hostname="suman" ignored="1" name="Test" tests="3" failures="0" timestamp="2023-07-05T07:11:42 CDT" time="36.766" errors="0">
  <testcase name="test_search" time="2.618" classname="testCases.TC_003_Search"/>
  <testcase name="test_account_Registration" time="5.365" classname="testCases.TC_001_TestCaseRegistration"/>
  <testcase name="shop_cart" time="4.624" classname="testCases.TC_004_AddToCartTest"/>
  <testcase name="test_login" time="0.0" classname="testCases.TC_002_LogInTest">
    <ignored/>
  </testcase> <!-- test_login -->
</testsuite> <!-- Test -->
