<?xml version="1.0" encoding="UTF-8"?>
<testng-results skipped="0" failed="0" ignored="0" total="1" passed="1">
  <reporter-output>
  </reporter-output>
  <suite name="Suite" duration-ms="14885" started-at="2023-06-30T15:48:59 CDT" finished-at="2023-06-30T15:49:13 CDT">
    <groups>
      <group name="Master">
        <method signature="TC_001_TestCaseRegistration.test_account_Registration()[pri:0, instance:testCases.TC_001_TestCaseRegistration@45820e51]" name="test_account_Registration" class="testCases.TC_001_TestCaseRegistration"/>
      </group> <!-- Master -->
      <group name="Regression">
        <method signature="TC_001_TestCaseRegistration.test_account_Registration()[pri:0, instance:testCases.TC_001_TestCaseRegistration@45820e51]" name="test_account_Registration" class="testCases.TC_001_TestCaseRegistration"/>
      </group> <!-- Regression -->
    </groups>
    <test name="Test" duration-ms="14885" started-at="2023-06-30T15:48:59 CDT" finished-at="2023-06-30T15:49:13 CDT">
      <class name="testCases.TC_001_TestCaseRegistration">
        <test-method status="PASS" signature="setUp(java.lang.String)[pri:0, instance:testCases.TC_001_TestCaseRegistration@45820e51]" name="setUp" is-config="true" duration-ms="9577" started-at="2023-06-30T15:48:59 CDT" finished-at="2023-06-30T15:49:09 CDT">
          <params>
            <param index="0">
              <value>
                <![CDATA[edge]]>
              </value>
            </param>
          </params>
          <reporter-output>
          </reporter-output>
        </test-method> <!-- setUp -->
        <test-method status="PASS" signature="test_account_Registration()[pri:0, instance:testCases.TC_001_TestCaseRegistration@45820e51]" name="test_account_Registration" duration-ms="4454" started-at="2023-06-30T15:49:09 CDT" finished-at="2023-06-30T15:49:13 CDT">
          <reporter-output>
          </reporter-output>
        </test-method> <!-- test_account_Registration -->
      </class> <!-- testCases.TC_001_TestCaseRegistration -->
    </test> <!-- Test -->
  </suite> <!-- Suite -->
</testng-results>
