<?xml version="1.0" encoding="UTF-8"?>
<testng-results skipped="0" failed="0" ignored="1" total="4" passed="3">
  <reporter-output>
  </reporter-output>
  <suite name="Suite" duration-ms="36766" started-at="2023-07-05T07:11:05 CDT" finished-at="2023-07-05T07:11:42 CDT">
    <groups>
      <group name="Master">
        <method signature="TC_001_TestCaseRegistration.test_account_Registration()[pri:0, instance:testCases.TC_001_TestCaseRegistration@50d0686]" name="test_account_Registration" class="testCases.TC_001_TestCaseRegistration"/>
      </group> <!-- Master -->
      <group name="Regression">
        <method signature="TC_001_TestCaseRegistration.test_account_Registration()[pri:0, instance:testCases.TC_001_TestCaseRegistration@50d0686]" name="test_account_Registration" class="testCases.TC_001_TestCaseRegistration"/>
        <method signature="TC_003_Search.test_search()[pri:0, instance:testCases.TC_003_Search@7b69c6ba]" name="test_search" class="testCases.TC_003_Search"/>
        <method signature="TC_004_AddToCartTest.shop_cart()[pri:0, instance:testCases.TC_004_AddToCartTest@1e7c7811]" name="shop_cart" class="testCases.TC_004_AddToCartTest"/>
      </group> <!-- Regression -->
    </groups>
    <test name="Test" duration-ms="36766" started-at="2023-07-05T07:11:05 CDT" finished-at="2023-07-05T07:11:42 CDT">
      <class name="testCases.TC_004_AddToCartTest">
        <test-method status="PASS" signature="setUp(java.lang.String)[pri:0, instance:testCases.TC_004_AddToCartTest@1e7c7811]" name="setUp" is-config="true" duration-ms="6772" started-at="2023-07-05T07:11:31 CDT" finished-at="2023-07-05T07:11:38 CDT">
          <params>
            <param index="0">
              <value>
                <![CDATA[edge]]>
              </value>
            </param>
          </params>
          <reporter-output>
          </reporter-output>
        </test-method> <!-- setUp -->
        <test-method status="PASS" signature="shop_cart()[pri:0, instance:testCases.TC_004_AddToCartTest@1e7c7811]" name="shop_cart" duration-ms="4624" started-at="2023-07-05T07:11:38 CDT" finished-at="2023-07-05T07:11:42 CDT">
          <reporter-output>
          </reporter-output>
        </test-method> <!-- shop_cart -->
      </class> <!-- testCases.TC_004_AddToCartTest -->
      <class name="testCases.TC_001_TestCaseRegistration">
        <test-method status="PASS" signature="setUp(java.lang.String)[pri:0, instance:testCases.TC_001_TestCaseRegistration@50d0686]" name="setUp" is-config="true" duration-ms="6885" started-at="2023-07-05T07:11:18 CDT" finished-at="2023-07-05T07:11:25 CDT">
          <params>
            <param index="0">
              <value>
                <![CDATA[edge]]>
              </value>
            </param>
          </params>
          <reporter-output>
          </reporter-output>
        </test-method> <!-- setUp -->
        <test-method status="PASS" signature="test_account_Registration()[pri:0, instance:testCases.TC_001_TestCaseRegistration@50d0686]" name="test_account_Registration" duration-ms="5365" started-at="2023-07-05T07:11:25 CDT" finished-at="2023-07-05T07:11:31 CDT">
          <reporter-output>
          </reporter-output>
        </test-method> <!-- test_account_Registration -->
      </class> <!-- testCases.TC_001_TestCaseRegistration -->
      <class name="testCases.TC_003_Search">
        <test-method status="PASS" signature="setUp(java.lang.String)[pri:0, instance:testCases.TC_003_Search@7b69c6ba]" name="setUp" is-config="true" duration-ms="9472" started-at="2023-07-05T07:11:06 CDT" finished-at="2023-07-05T07:11:16 CDT">
          <params>
            <param index="0">
              <value>
                <![CDATA[edge]]>
              </value>
            </param>
          </params>
          <reporter-output>
          </reporter-output>
        </test-method> <!-- setUp -->
        <test-method status="PASS" signature="test_search()[pri:0, instance:testCases.TC_003_Search@7b69c6ba]" name="test_search" duration-ms="2618" started-at="2023-07-05T07:11:16 CDT" finished-at="2023-07-05T07:11:18 CDT">
          <reporter-output>
          </reporter-output>
        </test-method> <!-- test_search -->
      </class> <!-- testCases.TC_003_Search -->
    </test> <!-- Test -->
  </suite> <!-- Suite -->
</testng-results>
