<?xml version="1.0" encoding="UTF-8"?>
<testng-results ignored="0" total="2" passed="2" failed="0" skipped="0">
  <reporter-output>
  </reporter-output>
  <suite started-at="2023-07-04T06:18:58 CDT" name="Suite" finished-at="2023-07-04T06:19:20 CDT" duration-ms="22139">
    <groups>
      <group name="Sanity">
        <method signature="TC_003_Search.test_search()[pri:0, instance:testCases.TC_003_Search@7db12bb6]" name="test_search" class="testCases.TC_003_Search"/>
        <method signature="TC_003_Search.test_search()[pri:0, instance:testCases.TC_003_Search@2892d68]" name="test_search" class="testCases.TC_003_Search"/>
      </group> <!-- Sanity -->
    </groups>
    <test started-at="2023-07-04T06:18:58 CDT" name="chrome Test" finished-at="2023-07-04T06:19:10 CDT" duration-ms="11556">
      <class name="testCases.TC_003_Search">
        <test-method is-config="true" signature="setUp(java.lang.String)[pri:0, instance:testCases.TC_003_Search@7db12bb6]" started-at="2023-07-04T06:18:59 CDT" name="setUp" finished-at="2023-07-04T06:19:08 CDT" duration-ms="8639" status="PASS">
          <params>
            <param index="0">
              <value>
                <![CDATA[chrome]]>
              </value>
            </param>
          </params>
          <reporter-output>
          </reporter-output>
        </test-method> <!-- setUp -->
        <test-method signature="test_search()[pri:0, instance:testCases.TC_003_Search@7db12bb6]" started-at="2023-07-04T06:19:08 CDT" name="test_search" finished-at="2023-07-04T06:19:09 CDT" duration-ms="1710" status="PASS">
          <reporter-output>
          </reporter-output>
        </test-method> <!-- test_search -->
      </class> <!-- testCases.TC_003_Search -->
    </test> <!-- chrome Test -->
    <test started-at="2023-07-04T06:19:10 CDT" name="edge Test" finished-at="2023-07-04T06:19:20 CDT" duration-ms="10558">
      <class name="testCases.TC_003_Search">
        <test-method is-config="true" signature="setUp(java.lang.String)[pri:0, instance:testCases.TC_003_Search@2892d68]" started-at="2023-07-04T06:19:10 CDT" name="setUp" finished-at="2023-07-04T06:19:17 CDT" duration-ms="7730" status="PASS">
          <params>
            <param index="0">
              <value>
                <![CDATA[edge]]>
              </value>
            </param>
          </params>
          <reporter-output>
          </reporter-output>
        </test-method> <!-- setUp -->
        <test-method signature="test_search()[pri:0, instance:testCases.TC_003_Search@2892d68]" started-at="2023-07-04T06:19:17 CDT" name="test_search" finished-at="2023-07-04T06:19:20 CDT" duration-ms="2663" status="PASS">
          <reporter-output>
          </reporter-output>
        </test-method> <!-- test_search -->
      </class> <!-- testCases.TC_003_Search -->
    </test> <!-- edge Test -->
  </suite> <!-- Suite -->
</testng-results>
